1728441107.946591 client started (46382): version 3.5a, socket /private/tmp/tmux-501/default, protocol 8
1728441107.946667 on Darwin 23.6.0 Darwin Kernel Version 23.6.0: Fri Jul  5 17:56:39 PDT 2024; root:xnu-10063.141.1~2/RELEASE_ARM64_T8122
1728441107.946683 using libevent 2.1.12-stable select
1728441107.946717 using utf8proc 2.9.0
1728441107.946725 using ncurses 6.5 20240427
1728441107.946745 flags are 0x10010000
1728441107.946753 socket is /private/tmp/tmux-501/default
1728441107.946766 trying connect
1728441107.946822 add peer 0x128008000: 6 (0x0)
1728441107.948825 sending message 111 to peer 0x128008000 (8 bytes)
1728441107.948838 sending message 111 to peer 0x128008000 (8 bytes)
1728441107.948845 sending message 101 to peer 0x128008000 (14 bytes)
1728441107.948852 sending message 109 to peer 0x128008000 (4 bytes)
1728441107.948858 sending message 102 to peer 0x128008000 (13 bytes)
1728441107.948863 sending message 108 to peer 0x128008000 (52 bytes)
1728441107.948869 sending message 112 to peer 0x128008000 (70 bytes)
1728441107.948875 sending message 112 to peer 0x128008000 (5 bytes)
1728441107.948880 sending message 112 to peer 0x128008000 (5 bytes)
1728441107.948886 sending message 112 to peer 0x128008000 (6 bytes)
1728441107.948892 sending message 112 to peer 0x128008000 (6 bytes)
1728441107.948897 sending message 112 to peer 0x128008000 (11 bytes)
1728441107.948903 sending message 112 to peer 0x128008000 (10 bytes)
1728441107.948909 sending message 112 to peer 0x128008000 (13 bytes)
1728441107.948914 sending message 112 to peer 0x128008000 (13 bytes)
1728441107.948920 sending message 112 to peer 0x128008000 (18 bytes)
1728441107.948927 sending message 112 to peer 0x128008000 (11 bytes)
1728441107.948935 sending message 112 to peer 0x128008000 (10 bytes)
1728441107.948941 sending message 112 to peer 0x128008000 (15 bytes)
1728441107.948946 sending message 112 to peer 0x128008000 (21 bytes)
1728441107.948952 sending message 112 to peer 0x128008000 (13 bytes)
1728441107.948957 sending message 112 to peer 0x128008000 (7 bytes)
1728441107.948963 sending message 112 to peer 0x128008000 (13 bytes)
1728441107.948968 sending message 112 to peer 0x128008000 (7 bytes)
1728441107.948974 sending message 112 to peer 0x128008000 (13 bytes)
1728441107.948979 sending message 112 to peer 0x128008000 (9 bytes)
1728441107.948985 sending message 112 to peer 0x128008000 (21 bytes)
1728441107.948990 sending message 112 to peer 0x128008000 (13 bytes)
1728441107.948996 sending message 112 to peer 0x128008000 (8 bytes)
1728441107.949001 sending message 112 to peer 0x128008000 (12 bytes)
1728441107.949007 sending message 112 to peer 0x128008000 (13 bytes)
1728441107.949012 sending message 112 to peer 0x128008000 (9 bytes)
1728441107.949018 sending message 112 to peer 0x128008000 (9 bytes)
1728441107.949025 sending message 112 to peer 0x128008000 (12 bytes)
1728441107.949030 sending message 112 to peer 0x128008000 (8 bytes)
1728441107.949036 sending message 112 to peer 0x128008000 (7 bytes)
1728441107.949041 sending message 112 to peer 0x128008000 (7 bytes)
1728441107.949048 sending message 112 to peer 0x128008000 (9 bytes)
1728441107.949053 sending message 112 to peer 0x128008000 (13 bytes)
1728441107.949059 sending message 112 to peer 0x128008000 (6 bytes)
1728441107.949067 sending message 112 to peer 0x128008000 (9 bytes)
1728441107.949074 sending message 112 to peer 0x128008000 (13 bytes)
1728441107.949080 sending message 112 to peer 0x128008000 (12 bytes)
1728441107.949085 sending message 112 to peer 0x128008000 (8 bytes)
1728441107.949091 sending message 112 to peer 0x128008000 (9 bytes)
1728441107.949096 sending message 112 to peer 0x128008000 (10 bytes)
1728441107.949102 sending message 112 to peer 0x128008000 (10 bytes)
1728441107.949107 sending message 112 to peer 0x128008000 (10 bytes)
1728441107.949113 sending message 112 to peer 0x128008000 (10 bytes)
1728441107.949118 sending message 112 to peer 0x128008000 (11 bytes)
1728441107.949124 sending message 112 to peer 0x128008000 (10 bytes)
1728441107.949129 sending message 112 to peer 0x128008000 (8 bytes)
1728441107.949146 sending message 112 to peer 0x128008000 (11 bytes)
1728441107.949151 sending message 112 to peer 0x128008000 (11 bytes)
1728441107.949154 sending message 112 to peer 0x128008000 (11 bytes)
1728441107.949159 sending message 112 to peer 0x128008000 (8 bytes)
1728441107.949163 sending message 112 to peer 0x128008000 (8 bytes)
1728441107.949167 sending message 112 to peer 0x128008000 (8 bytes)
1728441107.949171 sending message 112 to peer 0x128008000 (10 bytes)
1728441107.949175 sending message 112 to peer 0x128008000 (10 bytes)
1728441107.949179 sending message 112 to peer 0x128008000 (10 bytes)
1728441107.949183 sending message 112 to peer 0x128008000 (10 bytes)
1728441107.949187 sending message 112 to peer 0x128008000 (10 bytes)
1728441107.949191 sending message 112 to peer 0x128008000 (11 bytes)
1728441107.949195 sending message 112 to peer 0x128008000 (11 bytes)
1728441107.949199 sending message 112 to peer 0x128008000 (10 bytes)
1728441107.949202 sending message 112 to peer 0x128008000 (9 bytes)
1728441107.949206 sending message 112 to peer 0x128008000 (9 bytes)
1728441107.949210 sending message 112 to peer 0x128008000 (12 bytes)
1728441107.949214 sending message 112 to peer 0x128008000 (9 bytes)
1728441107.949218 sending message 112 to peer 0x128008000 (6 bytes)
1728441107.949222 sending message 112 to peer 0x128008000 (8 bytes)
1728441107.949226 sending message 112 to peer 0x128008000 (15 bytes)
1728441107.949230 sending message 112 to peer 0x128008000 (13 bytes)
1728441107.949234 sending message 112 to peer 0x128008000 (9 bytes)
1728441107.949238 sending message 112 to peer 0x128008000 (70 bytes)
1728441107.949242 sending message 112 to peer 0x128008000 (69 bytes)
1728441107.949247 sending message 112 to peer 0x128008000 (10 bytes)
1728441107.949250 sending message 112 to peer 0x128008000 (10 bytes)
1728441107.949254 sending message 112 to peer 0x128008000 (8 bytes)
1728441107.949259 sending message 112 to peer 0x128008000 (15 bytes)
1728441107.949263 sending message 112 to peer 0x128008000 (13 bytes)
1728441107.949267 sending message 112 to peer 0x128008000 (10 bytes)
1728441107.949271 sending message 112 to peer 0x128008000 (10 bytes)
1728441107.949275 sending message 112 to peer 0x128008000 (13 bytes)
1728441107.949279 sending message 112 to peer 0x128008000 (9 bytes)
1728441107.949283 sending message 112 to peer 0x128008000 (5 bytes)
1728441107.949287 sending message 112 to peer 0x128008000 (5 bytes)
1728441107.949292 sending message 104 to peer 0x128008000 (0 bytes)
1728441107.949297 sending message 110 to peer 0x128008000 (0 bytes)
1728441107.949301 sending message 107 to peer 0x128008000 (4 bytes)
1728441107.949305 sending message 105 to peer 0x128008000 (14 bytes)
1728441107.949309 sending message 105 to peer 0x128008000 (20 bytes)
1728441107.949313 sending message 105 to peer 0x128008000 (22 bytes)
1728441107.949317 sending message 105 to peer 0x128008000 (20 bytes)
1728441107.949321 sending message 105 to peer 0x128008000 (69 bytes)
1728441107.949325 sending message 105 to peer 0x128008000 (76 bytes)
1728441107.949329 sending message 105 to peer 0x128008000 (62 bytes)
1728441107.949333 sending message 105 to peer 0x128008000 (37 bytes)
1728441107.949337 sending message 105 to peer 0x128008000 (30 bytes)
1728441107.949341 sending message 105 to peer 0x128008000 (34 bytes)
1728441107.949345 sending message 105 to peer 0x128008000 (60 bytes)
1728441107.949349 sending message 105 to peer 0x128008000 (19 bytes)
1728441107.949355 sending message 105 to peer 0x128008000 (61 bytes)
1728441107.949359 sending message 105 to peer 0x128008000 (17 bytes)
1728441107.949365 sending message 105 to peer 0x128008000 (19 bytes)
1728441107.949370 sending message 105 to peer 0x128008000 (26 bytes)
1728441107.949376 sending message 105 to peer 0x128008000 (8 bytes)
1728441107.949380 sending message 105 to peer 0x128008000 (16 bytes)
1728441107.949384 sending message 105 to peer 0x128008000 (32 bytes)
1728441107.949388 sending message 105 to peer 0x128008000 (96 bytes)
1728441107.949392 sending message 105 to peer 0x128008000 (54 bytes)
1728441107.949404 sending message 105 to peer 0x128008000 (22 bytes)
1728441107.949408 sending message 105 to peer 0x128008000 (11 bytes)
1728441107.949412 sending message 105 to peer 0x128008000 (417 bytes)
1728441107.949417 sending message 105 to peer 0x128008000 (56 bytes)
1728441107.949421 sending message 105 to peer 0x128008000 (24 bytes)
1728441107.949425 sending message 105 to peer 0x128008000 (15 bytes)
1728441107.949429 sending message 105 to peer 0x128008000 (8 bytes)
1728441107.949433 sending message 105 to peer 0x128008000 (66 bytes)
1728441107.949437 sending message 105 to peer 0x128008000 (19 bytes)
1728441107.949441 sending message 105 to peer 0x128008000 (86 bytes)
1728441107.949445 sending message 105 to peer 0x128008000 (42 bytes)
1728441107.949450 sending message 105 to peer 0x128008000 (18 bytes)
1728441107.949454 sending message 105 to peer 0x128008000 (26 bytes)
1728441107.949458 sending message 105 to peer 0x128008000 (60 bytes)
1728441107.949462 sending message 105 to peer 0x128008000 (57 bytes)
1728441107.949466 sending message 105 to peer 0x128008000 (43 bytes)
1728441107.949470 sending message 105 to peer 0x128008000 (13 bytes)
1728441107.949474 sending message 105 to peer 0x128008000 (13 bytes)
1728441107.949478 sending message 105 to peer 0x128008000 (14 bytes)
1728441107.949482 sending message 105 to peer 0x128008000 (19 bytes)
1728441107.949486 sending message 105 to peer 0x128008000 (30 bytes)
1728441107.949490 sending message 105 to peer 0x128008000 (43 bytes)
1728441107.949495 sending message 105 to peer 0x128008000 (34 bytes)
1728441107.949499 sending message 105 to peer 0x128008000 (37 bytes)
1728441107.949503 sending message 105 to peer 0x128008000 (25 bytes)
1728441107.949508 sending message 106 to peer 0x128008000 (0 bytes)
1728441107.949562 sending message 200 to peer 0x128008000 (4 bytes)
1728441107.949568 client loop enter
1728441107.949738 peer 0x128008000 message 303
1728441107.949749 open write file 2 -
1728441107.949760 sending message 305 to peer 0x128008000 (8 bytes)
1728441107.949773 write check file 2
1728441107.949814 peer 0x128008000 message 304
1728441107.949831 write 58 to file 2
1728441107.949851 peer 0x128008000 message 203
1728441107.949859 file 2 58 bytes left
1728441107.949872 write check file 2
1728441107.949877 client loop exit
